<?xml version="1.0" encoding="UTF-8"?>
<!-- Generated by org.testng.reporters.JUnitReportReporter -->
<testsuite skipped="0" hostname="HEXANIKA-LTP-03" name="scripts.AvercastTest" tests="1" failures="0" timestamp="2021-07-20T11:11:46 IST" time="71.615" errors="0">
  <testcase name="AvercastTest" time="71.615" classname="scripts.AvercastTest"/>
  <system-out/>
</testsuite> <!-- scripts.AvercastTest -->
